[2020-11-11 07:56:06] flutterwave/rave.NOTICE: Generating Reference Number.... [] []
[2020-11-11 07:56:06] flutterwave/rave.NOTICE: Generated Reference Number....Raf_IT_Solution_9a400a9f58sbc05996 [] []
[2020-11-11 07:56:06] flutterwave/rave.NOTICE: Rave Class Initializes.... [] []
[2020-11-11 07:56:06] flutterwave/rave.NOTICE: Generating Checksum.... [] []
[2020-11-11 07:57:45] flutterwave/rave.NOTICE: Generating Reference Number.... [] []
[2020-11-11 07:57:45] flutterwave/rave.NOTICE: Generated Reference Number....RV_5fab8b69224a0 [] []
[2020-11-11 07:57:45] flutterwave/rave.NOTICE: Rave Class Initializes.... [] []
[2020-11-11 07:57:45] flutterwave/rave.NOTICE: Payment completed. Now requerying payment. [] []
[2020-11-11 07:57:45] flutterwave/rave.NOTICE: Requerying Transaction....null [] []
[2020-11-11 08:57:41] flutterwave/rave.NOTICE: Generating Reference Number.... [] []
[2020-11-11 08:57:41] flutterwave/rave.NOTICE: Generated Reference Number....Raf_IT_Solution_9a400a9f58sbc05996 [] []
[2020-11-11 08:57:41] flutterwave/rave.NOTICE: Rave Class Initializes.... [] []
[2020-11-11 08:57:41] flutterwave/rave.NOTICE: Generating Checksum.... [] []
[2020-11-11 09:03:16] flutterwave/rave.NOTICE: Generating Reference Number.... [] []
[2020-11-11 09:03:16] flutterwave/rave.NOTICE: Generated Reference Number....RV_5fab9ac4658ca [] []
[2020-11-11 09:03:16] flutterwave/rave.NOTICE: Rave Class Initializes.... [] []
[2020-11-11 09:03:16] flutterwave/rave.NOTICE: Payment was canceled by user..RV_5fab9ac4658ca [] []
[2020-11-11 09:06:29] flutterwave/rave.NOTICE: Generating Reference Number.... [] []
[2020-11-11 09:06:29] flutterwave/rave.NOTICE: Generated Reference Number....Raf_IT_Solution_9a400a9f58sbc05996 [] []
[2020-11-11 09:06:29] flutterwave/rave.NOTICE: Rave Class Initializes.... [] []
[2020-11-11 09:06:29] flutterwave/rave.NOTICE: Generating Checksum.... [] []
[2020-11-11 09:06:45] flutterwave/rave.NOTICE: Generating Reference Number.... [] []
[2020-11-11 09:06:45] flutterwave/rave.NOTICE: Generated Reference Number....RV_5fab9b95c690b [] []
[2020-11-11 09:06:45] flutterwave/rave.NOTICE: Rave Class Initializes.... [] []
[2020-11-11 09:06:45] flutterwave/rave.NOTICE: Payment was canceled by user..RV_5fab9b95c690b [] []
[2020-11-11 09:06:56] flutterwave/rave.NOTICE: Generating Reference Number.... [] []
[2020-11-11 09:06:56] flutterwave/rave.NOTICE: Generated Reference Number....Raf_IT_Solution_9a400a9f58sbc05996 [] []
[2020-11-11 09:06:56] flutterwave/rave.NOTICE: Rave Class Initializes.... [] []
[2020-11-11 09:06:56] flutterwave/rave.NOTICE: Generating Checksum.... [] []
[2020-11-11 09:25:17] flutterwave/rave.NOTICE: Generating Reference Number.... [] []
[2020-11-11 09:25:17] flutterwave/rave.NOTICE: Generated Reference Number....RV_5fab9feda947f [] []
[2020-11-11 09:25:17] flutterwave/rave.NOTICE: Rave Class Initializes.... [] []
[2020-11-11 09:25:17] flutterwave/rave.NOTICE: Payment was canceled by user..RV_5fab9feda947f [] []
[2020-11-11 09:31:19] flutterwave/rave.NOTICE: Generating Reference Number.... [] []
[2020-11-11 09:31:19] flutterwave/rave.NOTICE: Generated Reference Number....Raf_IT_Solution_9a400a9f58sbc05996 [] []
[2020-11-11 09:31:19] flutterwave/rave.NOTICE: Rave Class Initializes.... [] []
[2020-11-11 09:31:19] flutterwave/rave.NOTICE: Generating Checksum.... [] []
[2020-11-11 09:34:20] flutterwave/rave.NOTICE: Generating Reference Number.... [] []
[2020-11-11 09:34:20] flutterwave/rave.NOTICE: Generated Reference Number....Raf_IT_Solution_9a400a9f58sbc05996 [] []
[2020-11-11 09:34:20] flutterwave/rave.NOTICE: Rave Class Initializes.... [] []
[2020-11-11 09:34:20] flutterwave/rave.NOTICE: Generating Checksum.... [] []
[2020-11-11 09:42:26] flutterwave/rave.NOTICE: Generating Reference Number.... [] []
[2020-11-11 09:42:26] flutterwave/rave.NOTICE: Generated Reference Number....Raf_IT_Solution_9a400a9f58sbc05996 [] []
[2020-11-11 09:42:26] flutterwave/rave.NOTICE: Rave Class Initializes.... [] []
[2020-11-11 09:42:26] flutterwave/rave.NOTICE: Generating Checksum.... [] []
[2020-11-11 09:58:05] flutterwave/rave.NOTICE: Generating Reference Number.... [] []
[2020-11-11 09:58:05] flutterwave/rave.NOTICE: Generated Reference Number....Raf_IT_Solution_9a400a9f58sbc05996 [] []
[2020-11-11 09:58:05] flutterwave/rave.NOTICE: Rave Class Initializes.... [] []
[2020-11-11 09:58:05] flutterwave/rave.NOTICE: Generating Checksum.... [] []
[2020-11-11 09:59:17] flutterwave/rave.NOTICE: Generating Reference Number.... [] []
[2020-11-11 09:59:17] flutterwave/rave.NOTICE: Generated Reference Number....Raf_IT_Solution_9a400a9f58sbc05996 [] []
[2020-11-11 09:59:17] flutterwave/rave.NOTICE: Rave Class Initializes.... [] []
[2020-11-11 09:59:17] flutterwave/rave.NOTICE: Generating Checksum.... [] []
[2020-11-11 10:06:42] flutterwave/rave.NOTICE: Generating Reference Number.... [] []
[2020-11-11 10:06:42] flutterwave/rave.NOTICE: Generated Reference Number....RV_5faba9a22d9a1 [] []
[2020-11-11 10:06:42] flutterwave/rave.NOTICE: Rave Class Initializes.... [] []
[2020-11-11 10:06:42] flutterwave/rave.NOTICE: Payment was canceled by user..RV_5faba9a22d9a1 [] []
[2020-11-11 11:01:00] flutterwave/rave.NOTICE: Generating Reference Number.... [] []
[2020-11-11 11:01:00] flutterwave/rave.NOTICE: Generated Reference Number....ref_5fabb6515223e7.92560052 [] []
[2020-11-11 11:01:00] flutterwave/rave.NOTICE: Rave Class Initializes.... [] []
[2020-11-11 11:01:00] flutterwave/rave.NOTICE: Generating Checksum.... [] []
[2020-11-11 11:03:42] flutterwave/rave.NOTICE: Generating Reference Number.... [] []
[2020-11-11 11:03:42] flutterwave/rave.NOTICE: Generated Reference Number....RV_5fabb6fe9b7e3 [] []
[2020-11-11 11:03:42] flutterwave/rave.NOTICE: Rave Class Initializes.... [] []
[2020-11-11 11:03:42] flutterwave/rave.NOTICE: Payment was canceled by user..RV_5fabb6fe9b7e3 [] []
[2020-11-11 13:31:39] flutterwave/rave.NOTICE: Generating Reference Number.... [] []
[2020-11-11 13:31:39] flutterwave/rave.NOTICE: Generated Reference Number....ref_5fabd9a21446f4.56582608 [] []
[2020-11-11 13:31:39] flutterwave/rave.NOTICE: Rave Class Initializes.... [] []
[2020-11-11 13:31:39] flutterwave/rave.NOTICE: Generating Checksum.... [] []
